TN:
SF:src\app.ts
FNF:0
FNH:0
DA:1,1
DA:2,1
DA:3,1
DA:4,1
DA:5,1
DA:6,1
DA:7,1
DA:8,1
DA:9,1
DA:10,1
DA:11,1
DA:12,1
DA:13,1
DA:14,1
DA:15,1
DA:16,1
DA:17,1
DA:18,1
DA:19,1
DA:20,1
DA:21,1
DA:22,1
LF:22
LH:22
BRF:0
BRH:0
end_of_record
TN:
SF:src\data-source.ts
FNF:0
FNH:0
DA:1,1
DA:2,1
DA:3,1
DA:4,1
DA:5,1
DA:6,1
DA:7,1
DA:8,1
DA:9,1
DA:10,1
DA:11,1
DA:12,0
DA:13,0
DA:14,0
DA:15,0
DA:16,0
DA:17,0
DA:18,0
DA:19,0
DA:20,0
DA:21,0
DA:22,0
DA:23,0
DA:24,1
DA:25,1
DA:26,1
LF:26
LH:14
BRDA:11,0,0,0
BRF:1
BRH:0
end_of_record
TN:
SF:src\__tests__\mocks\index.ts
FNF:0
FNH:0
DA:1,1
DA:2,1
DA:3,1
DA:4,1
DA:5,1
DA:6,1
DA:7,1
DA:8,1
DA:9,1
DA:10,1
DA:11,1
DA:12,1
DA:13,1
DA:14,1
DA:15,1
DA:16,1
DA:17,1
DA:18,1
DA:19,1
DA:20,1
DA:21,1
DA:22,1
DA:23,1
DA:24,1
DA:25,1
DA:26,1
DA:27,1
DA:28,1
DA:29,1
DA:30,1
DA:31,1
DA:32,1
DA:33,1
DA:34,1
DA:35,1
DA:36,1
DA:37,1
DA:38,1
DA:39,1
DA:40,1
DA:41,1
DA:42,1
DA:43,1
DA:44,1
DA:45,1
DA:46,1
DA:47,1
DA:48,1
DA:49,1
DA:50,1
DA:51,1
DA:52,1
DA:53,1
DA:54,1
DA:55,1
DA:56,1
DA:57,1
DA:58,1
DA:59,1
DA:60,1
DA:61,1
DA:62,1
DA:63,1
DA:64,1
DA:65,1
DA:66,1
DA:67,1
DA:68,1
DA:69,1
DA:70,1
DA:71,1
DA:72,1
DA:73,1
DA:74,1
DA:75,1
DA:76,1
DA:77,1
DA:78,1
DA:79,1
DA:80,1
DA:81,1
DA:82,1
DA:83,1
DA:84,1
DA:85,1
DA:86,1
DA:87,1
DA:88,1
DA:89,1
DA:90,1
DA:91,1
DA:92,1
DA:93,1
DA:94,1
DA:95,1
DA:96,1
DA:97,1
DA:98,1
DA:99,1
DA:100,1
DA:101,1
DA:102,1
DA:103,1
DA:104,1
DA:105,1
DA:106,1
DA:107,1
DA:108,1
DA:109,1
DA:110,1
DA:111,1
DA:112,1
DA:113,1
LF:113
LH:113
BRF:0
BRH:0
end_of_record
TN:
SF:src\controllers\category.controller.ts
FN:8,createCategoryController
FN:14,listAllCategoriesController
FN:19,listCategoryByIdsController
FNF:3
FNH:3
FNDA:4,createCategoryController
FNDA:8,listAllCategoriesController
FNDA:2,listCategoryByIdsController
DA:1,1
DA:2,1
DA:3,1
DA:4,1
DA:5,1
DA:6,1
DA:7,1
DA:8,1
DA:9,4
DA:10,4
DA:11,3
DA:12,3
DA:13,1
DA:14,1
DA:15,8
DA:16,8
DA:17,8
DA:18,1
DA:19,1
DA:20,2
DA:21,2
DA:22,1
DA:23,1
DA:24,1
DA:25,1
DA:26,1
DA:27,1
DA:28,1
DA:29,1
LF:29
LH:29
BRDA:8,0,0,4
BRDA:8,1,0,4
BRDA:11,2,0,3
BRDA:14,3,0,8
BRDA:14,4,0,8
BRDA:19,5,0,2
BRDA:19,6,0,2
BRDA:22,7,0,1
BRF:8
BRH:8
end_of_record
TN:
SF:src\controllers\property.controller.ts
FN:7,createPropertyController
FN:13,listAllPropertiesController
FNF:2
FNH:2
FNDA:4,createPropertyController
FNDA:9,listAllPropertiesController
DA:1,1
DA:2,1
DA:3,1
DA:4,1
DA:5,1
DA:6,1
DA:7,1
DA:8,4
DA:9,4
DA:10,2
DA:11,2
DA:12,1
DA:13,1
DA:14,9
DA:15,9
DA:16,9
DA:17,1
DA:18,1
LF:18
LH:18
BRDA:7,0,0,4
BRDA:7,1,0,4
BRDA:10,2,0,2
BRDA:13,3,0,9
BRDA:13,4,0,9
BRF:5
BRH:5
end_of_record
TN:
SF:src\controllers\schedule.controller.ts
FN:8,createScheduleController
FN:15,listScheduleByIdController
FNF:2
FNH:2
FNDA:3,createScheduleController
FNDA:2,listScheduleByIdController
DA:1,1
DA:2,1
DA:3,1
DA:4,1
DA:5,1
DA:6,1
DA:7,1
DA:8,1
DA:9,3
DA:10,3
DA:11,3
DA:12,1
DA:13,1
DA:14,1
DA:15,1
DA:16,2
DA:17,2
DA:18,1
DA:19,1
DA:20,1
DA:21,1
LF:21
LH:21
BRDA:8,0,0,3
BRDA:8,1,0,3
BRDA:12,2,0,1
BRDA:15,3,0,2
BRDA:15,4,0,2
BRDA:18,5,0,1
BRF:6
BRH:6
end_of_record
TN:
SF:src\controllers\session.controller.ts
FN:4,createSessionController
FNF:1
FNH:1
FNDA:35,createSessionController
DA:1,1
DA:2,1
DA:3,1
DA:4,1
DA:5,35
DA:6,35
DA:7,34
DA:8,34
DA:9,1
DA:10,1
LF:10
LH:10
BRDA:4,0,0,35
BRDA:4,1,0,35
BRDA:7,2,0,34
BRF:3
BRH:3
end_of_record
TN:
SF:src\controllers\user.controller.ts
FN:10,createUserController
FN:15,listAllUsersController
FN:19,softDeleteUserController
FNF:3
FNH:3
FNDA:13,createUserController
FNDA:12,listAllUsersController
FNDA:3,softDeleteUserController
DA:1,1
DA:2,1
DA:3,1
DA:4,1
DA:5,1
DA:6,1
DA:7,1
DA:8,1
DA:9,1
DA:10,1
DA:11,13
DA:12,13
DA:13,9
DA:14,9
DA:15,1
DA:16,12
DA:17,12
DA:18,12
DA:19,1
DA:20,3
DA:21,3
DA:22,1
DA:23,1
DA:24,1
DA:25,1
DA:26,1
DA:27,1
DA:28,1
DA:29,1
LF:29
LH:29
BRDA:10,0,0,13
BRDA:10,1,0,13
BRDA:13,2,0,9
BRDA:15,3,0,12
BRDA:15,4,0,12
BRDA:19,5,0,3
BRDA:19,6,0,3
BRDA:22,7,0,1
BRF:8
BRH:8
end_of_record
TN:
SF:src\entities\adress.entity.ts
FNF:0
FNH:0
DA:1,1
DA:2,1
DA:3,1
DA:4,1
DA:5,1
DA:6,1
DA:7,1
DA:8,1
DA:9,1
DA:10,1
DA:11,1
DA:12,1
DA:13,1
DA:14,1
DA:15,1
DA:16,1
DA:17,1
DA:18,1
DA:19,1
DA:20,1
DA:21,1
DA:22,1
DA:23,1
DA:24,1
LF:24
LH:24
BRF:0
BRH:0
end_of_record
TN:
SF:src\entities\category.entity.ts
FNF:0
FNH:0
DA:1,1
DA:2,1
DA:3,1
DA:4,1
DA:5,1
DA:6,1
DA:7,1
DA:8,1
DA:9,1
DA:10,1
DA:11,1
DA:12,1
DA:13,1
DA:14,1
DA:15,1
DA:16,1
DA:17,1
LF:17
LH:17
BRDA:13,0,0,5
BRDA:13,1,0,5
BRF:2
BRH:2
end_of_record
TN:
SF:src\entities\property.entity.ts
FN:37,Object.<anonymous>.__decorate.eager
FNF:1
FNH:1
FNDA:5,Object.<anonymous>.__decorate.eager
DA:1,1
DA:2,1
DA:3,1
DA:4,1
DA:5,1
DA:6,1
DA:7,1
DA:8,1
DA:9,1
DA:10,1
DA:11,1
DA:12,1
DA:13,1
DA:14,1
DA:15,1
DA:16,1
DA:17,1
DA:18,1
DA:19,1
DA:20,1
DA:21,1
DA:22,1
DA:23,1
DA:24,1
DA:25,1
DA:26,1
DA:27,1
DA:28,1
DA:29,1
DA:30,1
DA:31,1
DA:32,1
DA:33,1
DA:34,1
DA:35,1
DA:36,1
DA:37,1
DA:38,1
DA:39,1
DA:40,1
DA:41,1
DA:42,1
DA:43,1
DA:44,1
DA:45,1
DA:46,1
DA:47,1
DA:48,1
LF:48
LH:48
BRDA:37,0,0,5
BRDA:41,1,0,5
BRDA:41,2,0,5
BRDA:44,3,0,5
BRF:4
BRH:4
end_of_record
TN:
SF:src\entities\schedule.entity.ts
FN:16,Object.<anonymous>.__decorate.eager
FNF:1
FNH:1
FNDA:5,Object.<anonymous>.__decorate.eager
DA:1,1
DA:2,1
DA:3,1
DA:4,1
DA:5,1
DA:6,1
DA:7,1
DA:8,1
DA:9,1
DA:10,1
DA:11,1
DA:12,1
DA:13,1
DA:14,1
DA:15,1
DA:16,1
DA:17,1
DA:18,1
DA:19,1
DA:20,1
DA:21,1
DA:22,1
DA:23,1
LF:23
LH:23
BRDA:16,0,0,5
BRDA:19,1,0,5
BRF:2
BRH:2
end_of_record
TN:
SF:src\entities\user.entity.ts
FNF:0
FNH:0
DA:1,1
DA:2,1
DA:3,1
DA:4,1
DA:5,1
DA:6,1
DA:7,1
DA:8,1
DA:9,1
DA:10,1
DA:11,1
DA:12,1
DA:13,1
DA:14,1
DA:15,1
DA:16,1
DA:17,1
DA:18,1
DA:19,1
DA:20,1
DA:21,1
DA:22,1
DA:23,1
DA:24,1
DA:25,1
DA:26,1
DA:27,1
DA:28,1
DA:29,1
DA:30,1
DA:31,1
DA:32,1
DA:33,1
DA:34,1
DA:35,1
DA:36,1
DA:37,1
DA:38,1
DA:39,1
DA:40,1
DA:41,1
DA:42,1
DA:43,1
DA:44,1
LF:44
LH:44
BRDA:40,0,0,5
BRDA:40,1,0,5
BRF:2
BRH:2
end_of_record
TN:
SF:src\errors\appError.ts
FN:4,AppError
FNF:1
FNH:1
FNDA:27,AppError
DA:1,1
DA:2,1
DA:3,1
DA:4,1
DA:5,27
DA:6,27
DA:7,27
DA:8,27
DA:9,1
DA:10,1
DA:11,1
LF:11
LH:11
BRDA:4,0,0,27
BRF:1
BRH:1
end_of_record
TN:
SF:src\middlewares\dateAndTimeValidation.middleware.ts
FN:4,dateAndTimeValidationMiddleware
FNF:1
FNH:1
FNDA:5,dateAndTimeValidationMiddleware
DA:1,1
DA:2,1
DA:3,1
DA:4,1
DA:5,5
DA:6,5
DA:7,5
DA:8,5
DA:9,5
DA:10,5
DA:11,5
DA:12,5
DA:13,5
DA:14,5
DA:15,5
DA:16,5
DA:17,5
DA:18,5
DA:19,5
DA:20,1
DA:21,1
DA:22,4
DA:23,4
DA:24,4
DA:25,4
DA:26,5
DA:27,1
DA:28,1
DA:29,3
DA:30,3
DA:31,3
DA:32,3
DA:33,3
DA:34,3
DA:35,3
DA:36,3
DA:37,3
DA:38,3
DA:39,1
DA:40,1
LF:40
LH:40
BRDA:4,0,0,5
BRDA:8,1,0,5
BRDA:19,2,0,4
BRDA:19,3,0,1
BRDA:22,4,0,4
BRDA:26,5,0,3
BRDA:26,6,0,1
BRDA:29,7,0,3
BRF:8
BRH:8
end_of_record
TN:
SF:src\middlewares\ensureAuth.middleware.ts
FN:6,ensureAuthMiddleware
FNF:1
FNH:1
FNDA:43,ensureAuthMiddleware
DA:1,1
DA:2,1
DA:3,1
DA:4,1
DA:5,1
DA:6,1
DA:7,43
DA:8,43
DA:9,43
DA:10,43
DA:11,43
DA:12,43
DA:13,43
DA:14,37
DA:15,37
DA:16,37
DA:17,37
DA:18,37
DA:19,37
DA:20,37
DA:21,37
DA:22,37
DA:23,37
DA:24,37
DA:25,37
DA:26,37
DA:27,37
DA:28,37
DA:29,37
DA:30,37
DA:31,37
DA:32,1
DA:33,1
LF:33
LH:33
BRDA:6,0,0,43
BRDA:10,1,0,43
BRDA:13,2,0,6
BRDA:14,3,0,37
BRDA:20,4,0,37
BRDA:21,5,0,0
BRF:6
BRH:5
end_of_record
TN:
SF:src\middlewares\handleError.middleware.ts
FN:4,handleErrorMiddleware
FNF:1
FNH:1
FNDA:27,handleErrorMiddleware
DA:1,1
DA:2,1
DA:3,1
DA:4,1
DA:5,27
DA:6,27
DA:7,27
DA:8,27
DA:9,27
DA:10,27
DA:11,27
DA:12,27
DA:13,27
DA:14,27
DA:15,0
DA:16,0
DA:17,0
DA:18,0
LF:18
LH:14
BRDA:4,0,0,27
BRDA:9,1,0,27
BRDA:15,2,0,0
BRF:3
BRH:2
end_of_record
TN:
SF:src\middlewares\isAdm.middleware.ts
FN:4,isAdm
FNF:1
FNH:1
FNDA:32,isAdm
DA:1,1
DA:2,1
DA:3,1
DA:4,1
DA:5,32
DA:6,32
DA:7,5
DA:8,5
DA:9,27
DA:10,27
DA:11,1
DA:12,1
LF:12
LH:12
BRDA:4,0,0,32
BRDA:4,1,0,32
BRDA:6,2,0,5
BRDA:9,3,0,27
BRF:4
BRH:4
end_of_record
TN:
SF:src\middlewares\validationSchema.middleware.ts
FN:5,validationMiddleware
FNF:1
FNH:1
FNDA:15,validationMiddleware
DA:1,1
DA:2,1
DA:3,1
DA:4,1
DA:5,1
DA:6,15
DA:7,54
DA:8,54
DA:9,54
DA:10,54
DA:11,54
DA:12,54
DA:13,52
DA:14,52
DA:15,54
DA:16,2
DA:17,2
DA:18,2
DA:19,2
DA:20,54
DA:21,1
DA:22,1
LF:22
LH:22
BRDA:5,0,0,15
BRDA:6,1,0,54
BRDA:6,2,0,54
BRDA:13,3,0,52
BRDA:15,4,0,2
BRDA:17,5,0,0
BRF:6
BRH:5
end_of_record
TN:
SF:src\routes\categories.routes.ts
FNF:0
FNH:0
DA:1,1
DA:2,1
DA:3,1
DA:4,1
DA:5,1
DA:6,1
DA:7,1
DA:8,1
DA:9,1
DA:10,1
DA:11,1
DA:12,1
DA:13,1
DA:14,1
DA:15,1
DA:16,1
DA:17,1
DA:18,1
DA:19,1
DA:20,1
DA:21,1
DA:22,1
DA:23,1
LF:23
LH:23
BRF:0
BRH:0
end_of_record
TN:
SF:src\routes\properties.routes.ts
FNF:0
FNH:0
DA:1,1
DA:2,1
DA:3,1
DA:4,1
DA:5,1
DA:6,1
DA:7,1
DA:8,1
DA:9,1
DA:10,1
DA:11,1
DA:12,1
DA:13,1
DA:14,1
DA:15,1
DA:16,1
DA:17,1
DA:18,1
DA:19,1
DA:20,1
DA:21,1
DA:22,1
LF:22
LH:22
BRF:0
BRH:0
end_of_record
TN:
SF:src\routes\schedules.routes.ts
FNF:0
FNH:0
DA:1,1
DA:2,1
DA:3,1
DA:4,1
DA:5,1
DA:6,1
DA:7,1
DA:8,1
DA:9,1
DA:10,1
DA:11,1
DA:12,1
DA:13,1
DA:14,1
DA:15,1
DA:16,1
DA:17,1
DA:18,1
DA:19,1
DA:20,1
DA:21,1
DA:22,1
DA:23,1
DA:24,1
DA:25,1
DA:26,1
LF:26
LH:26
BRF:0
BRH:0
end_of_record
TN:
SF:src\routes\session.routes.ts
FNF:0
FNH:0
DA:1,1
DA:2,1
DA:3,1
DA:4,1
DA:5,1
DA:6,1
DA:7,1
DA:8,1
DA:9,1
DA:10,1
DA:11,1
DA:12,1
DA:13,1
DA:14,1
LF:14
LH:14
BRF:0
BRH:0
end_of_record
TN:
SF:src\routes\users.routes.ts
FNF:0
FNH:0
DA:1,1
DA:2,1
DA:3,1
DA:4,1
DA:5,1
DA:6,1
DA:7,1
DA:8,1
DA:9,1
DA:10,1
DA:11,1
DA:12,1
DA:13,1
DA:14,1
DA:15,1
DA:16,1
DA:17,1
DA:18,1
DA:19,1
DA:20,1
DA:21,1
DA:22,1
DA:23,1
DA:24,1
DA:25,1
DA:26,1
DA:27,1
LF:27
LH:27
BRF:0
BRH:0
end_of_record
TN:
SF:src\schemas\loginUser.schema.ts
FNF:0
FNH:0
DA:1,1
DA:2,1
DA:3,1
DA:4,1
DA:5,1
DA:6,1
DA:7,1
DA:8,1
DA:9,1
DA:10,1
LF:10
LH:10
BRF:0
BRH:0
end_of_record
TN:
SF:src\schemas\newUser.schema.ts
FNF:0
FNH:0
DA:1,1
DA:2,1
DA:3,1
DA:4,1
DA:5,1
DA:6,1
DA:7,1
DA:8,1
DA:9,1
DA:10,1
DA:11,1
DA:12,1
LF:12
LH:12
BRF:0
BRH:0
end_of_record
TN:
SF:src\schemas\propertySchema.schema.ts
FNF:0
FNH:0
DA:1,1
DA:2,1
DA:3,1
DA:4,1
DA:5,1
DA:6,1
DA:7,1
DA:8,1
DA:9,1
DA:10,1
DA:11,1
DA:12,1
DA:13,1
DA:14,1
DA:15,1
DA:16,1
DA:17,1
DA:18,1
LF:18
LH:18
BRF:0
BRH:0
end_of_record
TN:
SF:src\services\category.service.ts
FN:6,createCategoryService
FN:22,listAllCategoriesService
FN:29,listCategoryByIdsService
FNF:3
FNH:3
FNDA:4,createCategoryService
FNDA:8,listAllCategoriesService
FNDA:2,listCategoryByIdsService
DA:1,1
DA:2,1
DA:3,1
DA:4,1
DA:5,1
DA:6,1
DA:7,4
DA:8,4
DA:9,4
DA:10,4
DA:11,4
DA:12,4
DA:13,4
DA:14,4
DA:15,1
DA:16,1
DA:17,3
DA:18,3
DA:19,3
DA:20,3
DA:21,3
DA:22,1
DA:23,8
DA:24,8
DA:25,8
DA:26,8
DA:27,8
DA:28,8
DA:29,1
DA:30,2
DA:31,2
DA:32,2
DA:33,2
DA:34,2
DA:35,2
DA:36,2
DA:37,2
DA:38,2
DA:39,2
DA:40,2
DA:41,2
DA:42,1
DA:43,1
DA:44,1
DA:45,1
DA:46,1
DA:47,1
DA:48,1
DA:49,1
DA:50,1
DA:51,1
DA:52,1
LF:52
LH:52
BRDA:6,0,0,4
BRDA:8,1,0,4
BRDA:14,2,0,3
BRDA:14,3,0,1
BRDA:22,4,0,8
BRDA:22,5,0,8
BRDA:29,6,0,2
BRDA:29,7,0,2
BRDA:41,8,0,1
BRF:9
BRH:9
end_of_record
TN:
SF:src\services\property.service.ts
FN:8,createPropertyService
FN:40,listAllPropertiesService
FNF:2
FNH:2
FNDA:4,createPropertyService
FNDA:9,listAllPropertiesService
DA:1,1
DA:2,1
DA:3,1
DA:4,1
DA:5,1
DA:6,1
DA:7,1
DA:8,1
DA:9,4
DA:10,4
DA:11,4
DA:12,4
DA:13,4
DA:14,4
DA:15,4
DA:16,4
DA:17,4
DA:18,4
DA:19,1
DA:20,1
DA:21,3
DA:22,3
DA:23,3
DA:24,4
DA:25,1
DA:26,1
DA:27,2
DA:28,2
DA:29,2
DA:30,2
DA:31,2
DA:32,2
DA:33,2
DA:34,2
DA:35,2
DA:36,2
DA:37,2
DA:38,2
DA:39,1
DA:40,1
DA:41,9
DA:42,9
DA:43,9
DA:44,9
DA:45,9
DA:46,9
DA:47,9
DA:48,9
DA:49,1
DA:50,1
LF:50
LH:50
BRDA:8,0,0,4
BRDA:10,1,0,4
BRDA:18,2,0,1
BRDA:21,3,0,3
BRDA:24,4,0,2
BRDA:24,5,0,1
BRDA:40,6,0,9
BRDA:40,7,0,9
BRF:8
BRH:8
end_of_record
TN:
SF:src\services\schedule.service.ts
FN:8,createScheduleService
FN:53,listScheduleByIdService
FNF:2
FNH:2
FNDA:3,createScheduleService
FNDA:2,listScheduleByIdService
DA:1,1
DA:2,1
DA:3,1
DA:4,1
DA:5,1
DA:6,1
DA:7,1
DA:8,1
DA:9,3
DA:10,3
DA:11,3
DA:12,3
DA:13,3
DA:14,3
DA:15,3
DA:16,3
DA:17,3
DA:18,3
DA:19,3
DA:20,3
DA:21,0
DA:22,0
DA:23,3
DA:24,1
DA:25,1
DA:26,2
DA:27,2
DA:28,2
DA:29,2
DA:30,2
DA:31,2
DA:32,2
DA:33,2
DA:34,2
DA:35,2
DA:36,2
DA:37,2
DA:38,2
DA:39,2
DA:40,2
DA:41,2
DA:42,2
DA:43,2
DA:44,2
DA:45,3
DA:46,1
DA:47,1
DA:48,1
DA:49,1
DA:50,1
DA:51,1
DA:52,1
DA:53,1
DA:54,2
DA:55,2
DA:56,2
DA:57,2
DA:58,1
DA:59,1
DA:60,1
DA:61,1
DA:62,1
DA:63,1
DA:64,1
DA:65,1
DA:66,1
DA:67,1
DA:68,1
DA:69,1
DA:70,1
DA:71,1
DA:72,1
DA:73,1
DA:74,1
LF:74
LH:72
BRDA:8,0,0,3
BRDA:10,1,0,3
BRDA:20,2,0,0
BRDA:23,3,0,1
BRDA:26,4,0,2
BRDA:45,5,0,1
BRDA:53,6,0,2
BRDA:53,7,0,2
BRDA:57,8,0,1
BRF:9
BRH:8
end_of_record
TN:
SF:src\services\session.service.ts
FN:10,createSessionService
FNF:1
FNH:1
FNDA:35,createSessionService
DA:1,1
DA:2,1
DA:3,1
DA:4,1
DA:5,1
DA:6,1
DA:7,1
DA:8,1
DA:9,1
DA:10,1
DA:11,35
DA:12,35
DA:13,35
DA:14,35
DA:15,35
DA:16,35
DA:17,35
DA:18,35
DA:19,35
DA:20,35
DA:21,35
DA:22,35
DA:23,34
DA:24,34
DA:25,34
DA:26,34
DA:27,34
DA:28,34
DA:29,34
DA:30,34
DA:31,34
DA:32,34
DA:33,34
DA:34,34
DA:35,34
DA:36,34
DA:37,34
DA:38,1
DA:39,1
LF:39
LH:39
BRDA:10,0,0,35
BRDA:13,1,0,35
BRDA:18,2,0,0
BRDA:18,3,0,0
BRDA:19,4,0,0
BRDA:22,5,0,34
BRDA:22,6,0,1
BRF:7
BRH:4
end_of_record
TN:
SF:src\services\user.service.ts
FN:7,createUserService
FN:22,listAllUsersService
FN:28,softDeleteUserService
FNF:3
FNH:3
FNDA:13,createUserService
FNDA:12,listAllUsersService
FNDA:3,softDeleteUserService
DA:1,1
DA:2,1
DA:3,1
DA:4,1
DA:5,1
DA:6,1
DA:7,1
DA:8,13
DA:9,13
DA:10,13
DA:11,13
DA:12,13
DA:13,4
DA:14,4
DA:15,9
DA:16,9
DA:17,9
DA:18,9
DA:19,9
DA:20,9
DA:21,1
DA:22,1
DA:23,12
DA:24,12
DA:25,12
DA:26,12
DA:27,1
DA:28,1
DA:29,3
DA:30,3
DA:31,3
DA:32,3
DA:33,3
DA:34,1
DA:35,1
DA:36,1
DA:37,1
DA:38,1
DA:39,1
DA:40,1
LF:40
LH:40
BRDA:7,0,0,13
BRDA:7,1,0,13
BRDA:12,2,0,4
BRDA:15,3,0,9
BRDA:22,4,0,12
BRDA:22,5,0,12
BRDA:28,6,0,3
BRDA:28,7,0,3
BRDA:32,8,0,1
BRDA:33,9,0,2
BRDA:33,10,0,1
BRF:11
BRH:11
end_of_record
